app/build/intermediates/manifest_merge_blame_file/debug/processDebugMainManifest/manifest-merger-blame-debug-report.txt
1<?xml version="1.0" encoding="utf-8"?>
2<manifest xmlns:android="http://schemas.android.com/apk/res/android"
3    package="com.example.carrental"
4    android:versionCode="1"
5    android:versionName="1.0" >
6
7    <uses-sdk
8        android:minSdkVersion="24"
9        android:targetSdkVersion="34" />
10
11    <!-- Optional but recommended for Maps showing user location later -->
12    <uses-permission android:name="android.permission.ACCESS_FINE_LOCATION" />
12-->src/main/AndroidManifest.xml:6:5-78
12-->src/main/AndroidManifest.xml:6:22-76
13    <uses-permission android:name="android.permission.ACCESS_COARSE_LOCATION" />
13-->src/main/AndroidManifest.xml:7:5-80
13-->src/main/AndroidManifest.xml:7:22-78
14
15    <!-- Include required permissions for Google Maps API to run. -->
16    <uses-permission android:name="android.permission.ACCESS_NETWORK_STATE" />
16-->[com.google.android.gms:play-services-maps:18.1.0] AndroidManifest.xml:23:5-79
16-->[com.google.android.gms:play-services-maps:18.1.0] AndroidManifest.xml:23:22-76
17    <uses-permission android:name="android.permission.INTERNET" />
17-->[com.google.android.gms:play-services-maps:18.1.0] AndroidManifest.xml:24:5-67
17-->[com.google.android.gms:play-services-maps:18.1.0] AndroidManifest.xml:24:22-64
18
19    <uses-feature
19-->[com.google.android.gms:play-services-maps:18.1.0] AndroidManifest.xml:26:5-28:35
20        android:glEsVersion="0x00020000"
20-->[com.google.android.gms:play-services-maps:18.1.0] AndroidManifest.xml:27:9-41
21        android:required="true" />
21-->[com.google.android.gms:play-services-maps:18.1.0] AndroidManifest.xml:28:9-32
22
23    <queries>
23-->[com.google.android.gms:play-services-maps:18.1.0] AndroidManifest.xml:30:5-34:15
24
25        <!-- Needs to be explicitly declared on Android R+ -->
26        <package android:name="com.google.android.apps.maps" />
26-->[com.google.android.gms:play-services-maps:18.1.0] AndroidManifest.xml:33:9-64
26-->[com.google.android.gms:play-services-maps:18.1.0] AndroidManifest.xml:33:18-61
27    </queries>
28
29    <uses-permission android:name="com.google.android.providers.gsf.permission.READ_GSERVICES" />
29-->[com.google.android.recaptcha:recaptcha:18.4.0] AndroidManifest.xml:9:5-98
29-->[com.google.android.recaptcha:recaptcha:18.4.0] AndroidManifest.xml:9:22-95
30
31    <permission
31-->[androidx.core:core:1.13.0] AndroidManifest.xml:22:5-24:47
32        android:name="com.example.carrental.DYNAMIC_RECEIVER_NOT_EXPORTED_PERMISSION"
32-->[androidx.core:core:1.13.0] AndroidManifest.xml:23:9-81
33        android:protectionLevel="signature" />
33-->[androidx.core:core:1.13.0] AndroidManifest.xml:24:9-44
34
35    <uses-permission android:name="com.example.carrental.DYNAMIC_RECEIVER_NOT_EXPORTED_PERMISSION" />
35-->[androidx.core:core:1.13.0] AndroidManifest.xml:26:5-97
35-->[androidx.core:core:1.13.0] AndroidManifest.xml:26:22-94
36
37    <application
37-->src/main/AndroidManifest.xml:9:5-37:19
38        android:allowBackup="true"
38-->src/main/AndroidManifest.xml:10:9-35
39        android:appComponentFactory="androidx.core.app.CoreComponentFactory"
39-->[androidx.core:core:1.13.0] AndroidManifest.xml:28:18-86
40        android:dataExtractionRules="@xml/data_extraction_rules"
40-->src/main/AndroidManifest.xml:11:9-65
41        android:debuggable="true"
42        android:extractNativeLibs="false"
43        android:fullBackupContent="@xml/backup_rules"
43-->src/main/AndroidManifest.xml:12:9-54
44        android:icon="@mipmap/ic_launcher"
44-->src/main/AndroidManifest.xml:13:9-43
45        android:label="@string/app_name"
45-->src/main/AndroidManifest.xml:14:9-41
46        android:roundIcon="@mipmap/ic_launcher_round"
46-->src/main/AndroidManifest.xml:15:9-54
47        android:supportsRtl="true"
47-->src/main/AndroidManifest.xml:16:9-35
48        android:testOnly="true"
49        android:theme="@style/Theme.CarRental" >
49-->src/main/AndroidManifest.xml:17:9-47
50
51        <!-- ✅ GOOGLE MAPS API KEY -->
52        <meta-data
52-->src/main/AndroidManifest.xml:21:9-23:70
53            android:name="com.google.android.maps.v2.API_KEY"
53-->src/main/AndroidManifest.xml:22:13-62
54            android:value="AIzaSyADtgLDFpmTW3Dwu1XM1FC3i0fupjFah_U" />
54-->src/main/AndroidManifest.xml:23:13-68
55
56        <activity
56-->src/main/AndroidManifest.xml:25:9-35:20
57            android:name="com.example.carrental.MainActivity"
57-->src/main/AndroidManifest.xml:26:13-41
58            android:exported="true"
58-->src/main/AndroidManifest.xml:27:13-36
59            android:label="@string/app_name" >
59-->src/main/AndroidManifest.xml:28:13-45
60            <intent-filter>
60-->src/main/AndroidManifest.xml:30:13-33:29
61                <action android:name="android.intent.action.MAIN" />
61-->src/main/AndroidManifest.xml:31:17-69
61-->src/main/AndroidManifest.xml:31:25-66
62
63                <category android:name="android.intent.category.LAUNCHER" />
63-->src/main/AndroidManifest.xml:32:17-77
63-->src/main/AndroidManifest.xml:32:27-74
64            </intent-filter>
65        </activity>
66        <activity
66-->[androidx.compose.ui:ui-tooling-android:1.6.6] AndroidManifest.xml:23:9-25:39
67            android:name="androidx.compose.ui.tooling.PreviewActivity"
67-->[androidx.compose.ui:ui-tooling-android:1.6.6] AndroidManifest.xml:24:13-71
68            android:exported="true" />
68-->[androidx.compose.ui:ui-tooling-android:1.6.6] AndroidManifest.xml:25:13-36
69        <activity
69-->[androidx.compose.ui:ui-test-manifest:1.6.6] AndroidManifest.xml:23:9-25:39
70            android:name="androidx.activity.ComponentActivity"
70-->[androidx.compose.ui:ui-test-manifest:1.6.6] AndroidManifest.xml:24:13-63
71            android:exported="true" /> <!-- Needs to be explicitly declared on P+ -->
71-->[androidx.compose.ui:ui-test-manifest:1.6.6] AndroidManifest.xml:25:13-36
72        <uses-library
72-->[com.google.android.gms:play-services-maps:18.1.0] AndroidManifest.xml:39:9-41:40
73            android:name="org.apache.http.legacy"
73-->[com.google.android.gms:play-services-maps:18.1.0] AndroidManifest.xml:40:13-50
74            android:required="false" />
74-->[com.google.android.gms:play-services-maps:18.1.0] AndroidManifest.xml:41:13-37
75
76        <activity
76-->[com.google.firebase:firebase-auth:22.3.1] AndroidManifest.xml:29:9-46:20
77            android:name="com.google.firebase.auth.internal.GenericIdpActivity"
77-->[com.google.firebase:firebase-auth:22.3.1] AndroidManifest.xml:30:13-80
78            android:excludeFromRecents="true"
78-->[com.google.firebase:firebase-auth:22.3.1] AndroidManifest.xml:31:13-46
79            android:exported="true"
79-->[com.google.firebase:firebase-auth:22.3.1] AndroidManifest.xml:32:13-36
80            android:launchMode="singleTask"
80-->[com.google.firebase:firebase-auth:22.3.1] AndroidManifest.xml:33:13-44
81            android:theme="@android:style/Theme.Translucent.NoTitleBar" >
81-->[com.google.firebase:firebase-auth:22.3.1] AndroidManifest.xml:34:13-72
82            <intent-filter>
82-->[com.google.firebase:firebase-auth:22.3.1] AndroidManifest.xml:35:13-45:29
83                <action android:name="android.intent.action.VIEW" />
83-->[com.google.firebase:firebase-auth:22.3.1] AndroidManifest.xml:36:17-69
83-->[com.google.firebase:firebase-auth:22.3.1] AndroidManifest.xml:36:25-66
84
85                <category android:name="android.intent.category.DEFAULT" />
85-->[com.google.firebase:firebase-auth:22.3.1] AndroidManifest.xml:38:17-76
85-->[com.google.firebase:firebase-auth:22.3.1] AndroidManifest.xml:38:27-73
86                <category android:name="android.intent.category.BROWSABLE" />
86-->[com.google.firebase:firebase-auth:22.3.1] AndroidManifest.xml:39:17-78
86-->[com.google.firebase:firebase-auth:22.3.1] AndroidManifest.xml:39:27-75
87
88                <data
88-->[com.google.firebase:firebase-auth:22.3.1] AndroidManifest.xml:41:17-44:51
89                    android:host="firebase.auth"
89-->[com.google.firebase:firebase-auth:22.3.1] AndroidManifest.xml:42:21-49
90                    android:path="/"
90-->[com.google.firebase:firebase-auth:22.3.1] AndroidManifest.xml:43:21-37
91                    android:scheme="genericidp" />
91-->[com.google.firebase:firebase-auth:22.3.1] AndroidManifest.xml:44:21-48
92            </intent-filter>
93        </activity>
94        <activity
94-->[com.google.firebase:firebase-auth:22.3.1] AndroidManifest.xml:47:9-64:20
95            android:name="com.google.firebase.auth.internal.RecaptchaActivity"
95-->[com.google.firebase:firebase-auth:22.3.1] AndroidManifest.xml:48:13-79
96            android:excludeFromRecents="true"
96-->[com.google.firebase:firebase-auth:22.3.1] AndroidManifest.xml:49:13-46
97            android:exported="true"
97-->[com.google.firebase:firebase-auth:22.3.1] AndroidManifest.xml:50:13-36
98            android:launchMode="singleTask"
98-->[com.google.firebase:firebase-auth:22.3.1] AndroidManifest.xml:51:13-44
99            android:theme="@android:style/Theme.Translucent.NoTitleBar" >
99-->[com.google.firebase:firebase-auth:22.3.1] AndroidManifest.xml:52:13-72
100            <intent-filter>
100-->[com.google.firebase:firebase-auth:22.3.1] AndroidManifest.xml:53:13-63:29
101                <action android:name="android.intent.action.VIEW" />
101-->[com.google.firebase:firebase-auth:22.3.1] AndroidManifest.xml:36:17-69
101-->[com.google.firebase:firebase-auth:22.3.1] AndroidManifest.xml:36:25-66
102
103                <category android:name="android.intent.category.DEFAULT" />
103-->[com.google.firebase:firebase-auth:22.3.1] AndroidManifest.xml:38:17-76
103-->[com.google.firebase:firebase-auth:22.3.1] AndroidManifest.xml:38:27-73
104                <category android:name="android.intent.category.BROWSABLE" />
104-->[com.google.firebase:firebase-auth:22.3.1] AndroidManifest.xml:39:17-78
104-->[com.google.firebase:firebase-auth:22.3.1] AndroidManifest.xml:39:27-75
105
106                <data
106-->[com.google.firebase:firebase-auth:22.3.1] AndroidManifest.xml:41:17-44:51
107                    android:host="firebase.auth"
107-->[com.google.firebase:firebase-auth:22.3.1] AndroidManifest.xml:42:21-49
108                    android:path="/"
108-->[com.google.firebase:firebase-auth:22.3.1] AndroidManifest.xml:43:21-37
109                    android:scheme="recaptcha" />
109-->[com.google.firebase:firebase-auth:22.3.1] AndroidManifest.xml:44:21-48
110            </intent-filter>
111        </activity>
112
113        <service
113-->[com.google.firebase:firebase-auth:22.3.1] AndroidManifest.xml:66:9-72:19
114            android:name="com.google.firebase.components.ComponentDiscoveryService"
114-->[com.google.firebase:firebase-auth:22.3.1] AndroidManifest.xml:67:13-84
115            android:directBootAware="true"
115-->[com.google.firebase:firebase-common:20.4.2] AndroidManifest.xml:32:13-43
116            android:exported="false" >
116-->[com.google.firebase:firebase-auth:22.3.1] AndroidManifest.xml:68:13-37
117            <meta-data
117-->[com.google.firebase:firebase-auth:22.3.1] AndroidManifest.xml:69:13-71:85
118                android:name="com.google.firebase.components:com.google.firebase.auth.FirebaseAuthRegistrar"
118-->[com.google.firebase:firebase-auth:22.3.1] AndroidManifest.xml:70:17-109
119                android:value="com.google.firebase.components.ComponentRegistrar" />
119-->[com.google.firebase:firebase-auth:22.3.1] AndroidManifest.xml:71:17-82
120            <meta-data
120-->[com.google.firebase:firebase-firestore:24.10.1] AndroidManifest.xml:17:13-19:85
121                android:name="com.google.firebase.components:com.google.firebase.firestore.FirebaseFirestoreKtxRegistrar"
121-->[com.google.firebase:firebase-firestore:24.10.1] AndroidManifest.xml:18:17-122
122                android:value="com.google.firebase.components.ComponentRegistrar" />
122-->[com.google.firebase:firebase-firestore:24.10.1] AndroidManifest.xml:19:17-82
123            <meta-data
123-->[com.google.firebase:firebase-firestore:24.10.1] AndroidManifest.xml:20:13-22:85
124                android:name="com.google.firebase.components:com.google.firebase.firestore.FirestoreRegistrar"
124-->[com.google.firebase:firebase-firestore:24.10.1] AndroidManifest.xml:21:17-111
125                android:value="com.google.firebase.components.ComponentRegistrar" />
125-->[com.google.firebase:firebase-firestore:24.10.1] AndroidManifest.xml:22:17-82
126            <meta-data
126-->[com.google.firebase:firebase-storage:20.3.0] AndroidManifest.xml:30:13-32:85
127                android:name="com.google.firebase.components:com.google.firebase.storage.FirebaseStorageKtxRegistrar"
127-->[com.google.firebase:firebase-storage:20.3.0] AndroidManifest.xml:31:17-118
128                android:value="com.google.firebase.components.ComponentRegistrar" />
128-->[com.google.firebase:firebase-storage:20.3.0] AndroidManifest.xml:32:17-82
129            <meta-data
129-->[com.google.firebase:firebase-storage:20.3.0] AndroidManifest.xml:33:13-35:85
130                android:name="com.google.firebase.components:com.google.firebase.storage.StorageRegistrar"
130-->[com.google.firebase:firebase-storage:20.3.0] AndroidManifest.xml:34:17-107
131                android:value="com.google.firebase.components.ComponentRegistrar" />
131-->[com.google.firebase:firebase-storage:20.3.0] AndroidManifest.xml:35:17-82
132            <meta-data
132-->[com.google.firebase:firebase-appcheck:17.1.1] AndroidManifest.xml:25:13-27:85
133                android:name="com.google.firebase.components:com.google.firebase.appcheck.FirebaseAppCheckKtxRegistrar"
133-->[com.google.firebase:firebase-appcheck:17.1.1] AndroidManifest.xml:26:17-120
134                android:value="com.google.firebase.components.ComponentRegistrar" />
134-->[com.google.firebase:firebase-appcheck:17.1.1] AndroidManifest.xml:27:17-82
135            <meta-data
135-->[com.google.firebase:firebase-appcheck:17.1.1] AndroidManifest.xml:28:13-30:85
136                android:name="com.google.firebase.components:com.google.firebase.appcheck.FirebaseAppCheckRegistrar"
136-->[com.google.firebase:firebase-appcheck:17.1.1] AndroidManifest.xml:29:17-117
137                android:value="com.google.firebase.components.ComponentRegistrar" />
137-->[com.google.firebase:firebase-appcheck:17.1.1] AndroidManifest.xml:30:17-82
138            <meta-data
138-->[com.google.firebase:firebase-common-ktx:20.4.2] AndroidManifest.xml:12:13-14:85
139                android:name="com.google.firebase.components:com.google.firebase.ktx.FirebaseCommonLegacyRegistrar"
139-->[com.google.firebase:firebase-common-ktx:20.4.2] AndroidManifest.xml:13:17-116
140                android:value="com.google.firebase.components.ComponentRegistrar" />
140-->[com.google.firebase:firebase-common-ktx:20.4.2] AndroidManifest.xml:14:17-82
141            <meta-data
141-->[com.google.firebase:firebase-common:20.4.2] AndroidManifest.xml:35:13-37:85
142                android:name="com.google.firebase.components:com.google.firebase.FirebaseCommonKtxRegistrar"
142-->[com.google.firebase:firebase-common:20.4.2] AndroidManifest.xml:36:17-109
143                android:value="com.google.firebase.components.ComponentRegistrar" />
143-->[com.google.firebase:firebase-common:20.4.2] AndroidManifest.xml:37:17-82
144        </service>
145
146        <activity
146-->[com.google.android.gms:play-services-base:18.0.1] AndroidManifest.xml:20:9-22:45
147            android:name="com.google.android.gms.common.api.GoogleApiActivity"
147-->[com.google.android.gms:play-services-base:18.0.1] AndroidManifest.xml:20:19-85
148            android:exported="false"
148-->[com.google.android.gms:play-services-base:18.0.1] AndroidManifest.xml:22:19-43
149            android:theme="@android:style/Theme.Translucent.NoTitleBar" />
149-->[com.google.android.gms:play-services-base:18.0.1] AndroidManifest.xml:21:19-78
150
151        <provider
151-->[com.google.firebase:firebase-common:20.4.2] AndroidManifest.xml:23:9-28:39
152            android:name="com.google.firebase.provider.FirebaseInitProvider"
152-->[com.google.firebase:firebase-common:20.4.2] AndroidManifest.xml:24:13-77
153            android:authorities="com.example.carrental.firebaseinitprovider"
153-->[com.google.firebase:firebase-common:20.4.2] AndroidManifest.xml:25:13-72
154            android:directBootAware="true"
154-->[com.google.firebase:firebase-common:20.4.2] AndroidManifest.xml:26:13-43
155            android:exported="false"
155-->[com.google.firebase:firebase-common:20.4.2] AndroidManifest.xml:27:13-37
156            android:initOrder="100" />
156-->[com.google.firebase:firebase-common:20.4.2] AndroidManifest.xml:28:13-36
157
158        <service
158-->[androidx.room:room-runtime:2.6.1] AndroidManifest.xml:24:9-28:63
159            android:name="androidx.room.MultiInstanceInvalidationService"
159-->[androidx.room:room-runtime:2.6.1] AndroidManifest.xml:25:13-74
160            android:directBootAware="true"
160-->[androidx.room:room-runtime:2.6.1] AndroidManifest.xml:26:13-43
161            android:exported="false" />
161-->[androidx.room:room-runtime:2.6.1] AndroidManifest.xml:27:13-37
162
163        <provider
163-->[androidx.emoji2:emoji2:1.3.0] AndroidManifest.xml:24:9-32:20
164            android:name="androidx.startup.InitializationProvider"
164-->[androidx.emoji2:emoji2:1.3.0] AndroidManifest.xml:25:13-67
165            android:authorities="com.example.carrental.androidx-startup"
165-->[androidx.emoji2:emoji2:1.3.0] AndroidManifest.xml:26:13-68
166            android:exported="false" >
166-->[androidx.emoji2:emoji2:1.3.0] AndroidManifest.xml:27:13-37
167            <meta-data
167-->[androidx.emoji2:emoji2:1.3.0] AndroidManifest.xml:29:13-31:52
168                android:name="androidx.emoji2.text.EmojiCompatInitializer"
168-->[androidx.emoji2:emoji2:1.3.0] AndroidManifest.xml:30:17-75
169                android:value="androidx.startup" />
169-->[androidx.emoji2:emoji2:1.3.0] AndroidManifest.xml:31:17-49
170            <meta-data
170-->[androidx.lifecycle:lifecycle-process:2.7.0] AndroidManifest.xml:29:13-31:52
171                android:name="androidx.lifecycle.ProcessLifecycleInitializer"
171-->[androidx.lifecycle:lifecycle-process:2.7.0] AndroidManifest.xml:30:17-78
172                android:value="androidx.startup" />
172-->[androidx.lifecycle:lifecycle-process:2.7.0] AndroidManifest.xml:31:17-49
173            <meta-data
173-->[androidx.profileinstaller:profileinstaller:1.3.1] AndroidManifest.xml:29:13-31:52
174                android:name="androidx.profileinstaller.ProfileInstallerInitializer"
174-->[androidx.profileinstaller:profileinstaller:1.3.1] AndroidManifest.xml:30:17-85
175                android:value="androidx.startup" />
175-->[androidx.profileinstaller:profileinstaller:1.3.1] AndroidManifest.xml:31:17-49
176        </provider>
177
178        <meta-data
178-->[com.google.android.gms:play-services-basement:18.1.0] AndroidManifest.xml:21:9-23:69
179            android:name="com.google.android.gms.version"
179-->[com.google.android.gms:play-services-basement:18.1.0] AndroidManifest.xml:22:13-58
180            android:value="@integer/google_play_services_version" />
180-->[com.google.android.gms:play-services-basement:18.1.0] AndroidManifest.xml:23:13-66
181
182        <receiver
182-->[androidx.profileinstaller:profileinstaller:1.3.1] AndroidManifest.xml:34:9-52:20
183            android:name="androidx.profileinstaller.ProfileInstallReceiver"
183-->[androidx.profileinstaller:profileinstaller:1.3.1] AndroidManifest.xml:35:13-76
184            android:directBootAware="false"
184-->[androidx.profileinstaller:profileinstaller:1.3.1] AndroidManifest.xml:36:13-44
185            android:enabled="true"
185-->[androidx.profileinstaller:profileinstaller:1.3.1] AndroidManifest.xml:37:13-35
186            android:exported="true"
186-->[androidx.profileinstaller:profileinstaller:1.3.1] AndroidManifest.xml:38:13-36
187            android:permission="android.permission.DUMP" >
187-->[androidx.profileinstaller:profileinstaller:1.3.1] AndroidManifest.xml:39:13-57
188            <intent-filter>
188-->[androidx.profileinstaller:profileinstaller:1.3.1] AndroidManifest.xml:40:13-42:29
189                <action android:name="androidx.profileinstaller.action.INSTALL_PROFILE" />
189-->[androidx.profileinstaller:profileinstaller:1.3.1] AndroidManifest.xml:41:17-91
189-->[androidx.profileinstaller:profileinstaller:1.3.1] AndroidManifest.xml:41:25-88
190            </intent-filter>
191            <intent-filter>
191-->[androidx.profileinstaller:profileinstaller:1.3.1] AndroidManifest.xml:43:13-45:29
192                <action android:name="androidx.profileinstaller.action.SKIP_FILE" />
192-->[androidx.profileinstaller:profileinstaller:1.3.1] AndroidManifest.xml:44:17-85
192-->[androidx.profileinstaller:profileinstaller:1.3.1] AndroidManifest.xml:44:25-82
193            </intent-filter>
194            <intent-filter>
194-->[androidx.profileinstaller:profileinstaller:1.3.1] AndroidManifest.xml:46:13-48:29
195                <action android:name="androidx.profileinstaller.action.SAVE_PROFILE" />
195-->[androidx.profileinstaller:profileinstaller:1.3.1] AndroidManifest.xml:47:17-88
195-->[androidx.profileinstaller:profileinstaller:1.3.1] AndroidManifest.xml:47:25-85
196            </intent-filter>
197            <intent-filter>
197-->[androidx.profileinstaller:profileinstaller:1.3.1] AndroidManifest.xml:49:13-51:29
198                <action android:name="androidx.profileinstaller.action.BENCHMARK_OPERATION" />
198-->[androidx.profileinstaller:profileinstaller:1.3.1] AndroidManifest.xml:50:17-95
198-->[androidx.profileinstaller:profileinstaller:1.3.1] AndroidManifest.xml:50:25-92
199            </intent-filter>
200        </receiver>
201    </application>
202
203</manifest>